npm verbose cli C:\Program Files\nodejs\node.exe C:\Program Files\nodejs\node_modules\npm\bin\npm-cli.js
npm info using npm@10.7.0
npm info using node@v20.15.1
npm verbose title npm install
npm verbose argv "install" "--legacy-peer-deps" "--loglevel" "verbose"
npm verbose logfile logs-max:10 dir:C:\Users\teofe\AppData\Local\npm-cache\_logs\2024-08-12T22_42_49_439Z-
npm verbose logfile C:\Users\teofe\AppData\Local\npm-cache\_logs\2024-08-12T22_42_49_439Z-debug-0.log
npm http fetch GET 200 https://registry.npmjs.org/@faker-js%2ffaker 338ms (cache revalidated)
npm http fetch GET 200 https://registry.npmjs.org/cypress-mochawesome-reporter 622ms (cache revalidated)
npm http fetch GET 200 https://registry.npmjs.org/browserstack-cypress-cli 625ms (cache revalidated)
npm http fetch GET 200 https://registry.npmjs.org/cypress 51ms (cache revalidated)
npm http fetch GET 200 https://registry.npmjs.org/async 78ms (cache revalidated)
npm http fetch GET 200 https://registry.npmjs.org/cli-progress 133ms (cache revalidated)
npm http fetch GET 200 https://registry.npmjs.org/archiver 141ms (cache revalidated)
npm http fetch GET 200 https://registry.npmjs.org/chalk 153ms (cache revalidated)
npm http fetch GET 200 https://registry.npmjs.org/gitconfiglocal 49ms (cache revalidated)
npm http fetch GET 200 https://registry.npmjs.org/glob 53ms (cache revalidated)
npm http fetch GET 200 https://registry.npmjs.org/mocha 50ms (cache revalidated)
npm http fetch GET 200 https://registry.npmjs.org/browserstack-local 711ms (cache revalidated)
npm http fetch GET 200 https://registry.npmjs.org/fs-extra 716ms (cache revalidated)
npm http fetch GET 200 https://registry.npmjs.org/getmac 725ms (cache revalidated)
npm http fetch GET 200 https://registry.npmjs.org/git-last-commit 684ms (cache revalidated)
npm http fetch GET 200 https://registry.npmjs.org/git-repo-info 649ms (cache revalidated)
npm http fetch GET 200 https://registry.npmjs.org/request 83ms (cache revalidated)
npm http fetch GET 200 https://registry.npmjs.org/table 67ms (cache revalidated)
npm http fetch GET 200 https://registry.npmjs.org/update-notifier 69ms (cache revalidated)
npm http fetch GET 200 https://registry.npmjs.org/uuid 53ms (cache revalidated)
npm http fetch GET 200 https://registry.npmjs.org/mkdirp 644ms (cache revalidated)
npm http fetch GET 200 https://registry.npmjs.org/windows-release 82ms (cache revalidated)
npm http fetch GET 200 https://registry.npmjs.org/winston 71ms (cache revalidated)
npm http fetch GET 200 https://registry.npmjs.org/yargs 66ms (cache revalidated)
npm http fetch GET 200 https://registry.npmjs.org/tmp 59ms (cache revalidated)
npm http fetch GET 200 https://registry.npmjs.org/arch 67ms (cache revalidated)
npm http fetch GET 200 https://registry.npmjs.org/dayjs 59ms (cache revalidated)
npm http fetch GET 200 https://registry.npmjs.org/debug 60ms (cache revalidated)
npm http fetch GET 200 https://registry.npmjs.org/execa 63ms (cache revalidated)
npm http fetch GET 200 https://registry.npmjs.org/getos 62ms (cache revalidated)
npm http fetch GET 200 https://registry.npmjs.org/is-ci 66ms (cache revalidated)
npm http fetch GET 200 https://registry.npmjs.org/yauzl 73ms (cache revalidated)
npm http fetch GET 200 https://registry.npmjs.org/buffer 67ms (cache revalidated)
npm http fetch GET 200 https://registry.npmjs.org/listr2 60ms (cache revalidated)
npm http fetch GET 200 https://registry.npmjs.org/node-ipc 822ms (cache revalidated)
npm http fetch GET 200 https://registry.npmjs.org/lodash 79ms (cache revalidated)
npm http fetch GET 200 https://registry.npmjs.org/ospath 82ms (cache revalidated)
npm http fetch GET 200 https://registry.npmjs.org/figures 60ms (cache revalidated)
npm http fetch GET 200 https://registry.npmjs.org/process 53ms (cache revalidated)
npm http fetch GET 200 https://registry.npmjs.org/semver 99ms (cache revalidated)
npm http fetch GET 200 https://registry.npmjs.org/bluebird 55ms (cache revalidated)
npm http fetch GET 200 https://registry.npmjs.org/cachedir 53ms (cache revalidated)
npm http fetch GET 200 https://registry.npmjs.org/enquirer 67ms (cache revalidated)
npm http fetch GET 200 https://registry.npmjs.org/lazy-ass 69ms (cache revalidated)
npm http fetch GET 200 https://registry.npmjs.org/minimist 68ms (cache revalidated)
npm http fetch GET 200 https://registry.npmjs.org/blob-util 70ms (cache revalidated)
npm http fetch GET 200 https://registry.npmjs.org/commander 66ms (cache revalidated)
npm http fetch GET 200 https://registry.npmjs.org/cli-cursor 55ms (cache revalidated)
npm http fetch GET 200 https://registry.npmjs.org/untildify 65ms (cache revalidated)
npm http fetch GET 200 https://registry.npmjs.org/cli-table3 55ms (cache revalidated)
npm http fetch GET 200 https://registry.npmjs.org/executable 61ms (cache revalidated)
npm http fetch GET 200 https://registry.npmjs.org/common-tags 50ms (cache revalidated)
npm http fetch GET 200 https://registry.npmjs.org/pretty-bytes 44ms (cache revalidated)
npm http fetch GET 200 https://registry.npmjs.org/log-symbols 52ms (cache revalidated)
npm http fetch GET 200 https://registry.npmjs.org/extract-zip 72ms (cache revalidated)
npm http fetch GET 200 https://registry.npmjs.org/eventemitter2 67ms (cache revalidated)
npm http fetch GET 200 https://registry.npmjs.org/proxy-from-env 88ms (cache revalidated)
npm http fetch GET 200 https://registry.npmjs.org/supports-color 78ms (cache revalidated)
npm http fetch GET 200 https://registry.npmjs.org/requestretry 733ms (cache revalidated)
npm http fetch GET 200 https://registry.npmjs.org/decompress 634ms (cache revalidated)
npm http fetch GET 200 https://registry.npmjs.org/check-more-types 72ms (cache revalidated)
npm http fetch GET 200 https://registry.npmjs.org/request-progress 97ms (cache revalidated)
npm http fetch GET 200 https://registry.npmjs.org/is-installed-globally 100ms (cache revalidated)
npm http fetch GET 200 https://registry.npmjs.org/@types%2fsinonjs__fake-timers 82ms (cache revalidated)
npm http fetch GET 200 https://registry.npmjs.org/@cypress%2fxvfb 253ms (cache revalidated)
npm http fetch GET 200 https://registry.npmjs.org/mochawesome-merge 81ms (cache revalidated)
npm http fetch GET 200 https://registry.npmjs.org/@cypress%2frequest 268ms (cache revalidated)
npm http fetch GET 200 https://registry.npmjs.org/mochawesome-report-generator 648ms (cache revalidated)
npm http fetch GET 200 https://registry.npmjs.org/mochawesome 675ms (cache revalidated)
npm http fetch GET 200 https://registry.npmjs.org/@types%2fsizzle 1186ms (cache revalidated)
npm http fetch GET 200 https://registry.npmjs.org/archiver-utils 93ms (cache revalidated)
npm http fetch GET 200 https://registry.npmjs.org/zip-stream 89ms (cache revalidated)
npm http fetch GET 200 https://registry.npmjs.org/https-proxy-agent 92ms (cache revalidated)
npm http fetch GET 200 https://registry.npmjs.org/readdir-glob 106ms (cache revalidated)
npm http fetch GET 200 https://registry.npmjs.org/tar-stream 110ms (cache revalidated)
npm http fetch GET 200 https://registry.npmjs.org/readable-stream 121ms (cache revalidated)
npm http fetch GET 200 https://registry.npmjs.org/buffer-crc32 162ms (cache revalidated)
npm http fetch GET 200 https://registry.npmjs.org/agent-base 81ms (cache revalidated)
npm http fetch GET 200 https://registry.npmjs.org/ansi-styles 85ms (cache revalidated)
npm http fetch GET 200 https://registry.npmjs.org/decompress-tar 45ms (cache revalidated)
npm http fetch GET 200 https://registry.npmjs.org/string-width 98ms (cache revalidated)
npm http fetch GET 200 https://registry.npmjs.org/decompress-tarbz2 50ms (cache revalidated)
npm http fetch GET 200 https://registry.npmjs.org/decompress-targz 52ms (cache revalidated)
npm http fetch GET 200 https://registry.npmjs.org/make-dir 52ms (cache revalidated)
npm http fetch GET 200 https://registry.npmjs.org/pify 65ms (cache revalidated)
npm http fetch GET 200 https://registry.npmjs.org/strip-dirs 71ms (cache revalidated)
npm http fetch GET 200 https://registry.npmjs.org/graceful-fs 153ms (cache revalidated)
npm http fetch GET 200 https://registry.npmjs.org/graceful-fs 76ms (cache revalidated)
npm http fetch GET 200 https://registry.npmjs.org/@types%2fnode 137ms (cache revalidated)
npm http fetch GET 200 https://registry.npmjs.org/jsonfile 282ms (cache revalidated)
npm http fetch GET 200 https://registry.npmjs.org/once 54ms (cache revalidated)
npm http fetch GET 200 https://registry.npmjs.org/ini 76ms (cache revalidated)
npm http fetch GET 200 https://registry.npmjs.org/temp-fs 644ms (cache revalidated)
npm http fetch GET 200 https://registry.npmjs.org/is-running 665ms (cache revalidated)
npm http fetch GET 200 https://registry.npmjs.org/ps-tree 676ms (cache revalidated)
npm http fetch GET 200 https://registry.npmjs.org/inflight 65ms (cache revalidated)
npm http fetch GET 200 https://registry.npmjs.org/inherits 62ms (cache revalidated)
npm http fetch GET 200 https://registry.npmjs.org/minimatch 60ms (cache revalidated)
npm http fetch GET 200 https://registry.npmjs.org/fs.realpath 59ms (cache revalidated)
npm http fetch GET 200 https://registry.npmjs.org/decompress-unzip 842ms (cache revalidated)
npm http fetch GET 200 https://registry.npmjs.org/universalify 681ms (cache revalidated)
npm http fetch GET 200 https://registry.npmjs.org/path-is-absolute 316ms (cache revalidated)
npm http fetch GET 200 https://registry.npmjs.org/chokidar 306ms (cache revalidated)
npm http fetch GET 200 https://registry.npmjs.org/diff 315ms (cache revalidated)
npm http fetch GET 200 https://registry.npmjs.org/browser-stdout 336ms (cache revalidated)
npm http fetch GET 200 https://registry.npmjs.org/ansi-colors 347ms (cache revalidated)
npm http fetch GET 200 https://registry.npmjs.org/he 64ms (cache revalidated)
npm http fetch GET 200 https://registry.npmjs.org/escape-string-regexp 93ms (cache revalidated)
npm http fetch GET 200 https://registry.npmjs.org/find-up 86ms (cache revalidated)
npm http fetch GET 200 https://registry.npmjs.org/js-yaml 483ms (cache revalidated)
npm http fetch GET 200 https://registry.npmjs.org/ms 500ms (cache revalidated)
npm http fetch GET 200 https://registry.npmjs.org/strip-json-comments 503ms (cache revalidated)
npm http fetch GET 200 https://registry.npmjs.org/yargs-unparser 504ms (cache revalidated)
npm http fetch GET 200 https://registry.npmjs.org/yargs-parser 518ms (cache revalidated)
npm http fetch GET 200 https://registry.npmjs.org/workerpool 530ms (cache revalidated)
npm http fetch GET 200 https://registry.npmjs.org/event-pubsub 54ms (cache revalidated)
npm http fetch GET 200 https://registry.npmjs.org/js-queue 84ms (cache revalidated)
npm http fetch GET 200 https://registry.npmjs.org/js-message 77ms (cache revalidated)
npm http fetch GET 200 https://registry.npmjs.org/qs 47ms (cache revalidated)
npm http fetch GET 200 https://registry.npmjs.org/aws4 56ms (cache revalidated)
npm http fetch GET 200 https://registry.npmjs.org/extend 55ms (cache revalidated)
npm http fetch GET 200 https://registry.npmjs.org/caseless 57ms (cache revalidated)
npm http fetch GET 200 https://registry.npmjs.org/isstream 60ms (cache revalidated)
npm http fetch GET 200 https://registry.npmjs.org/aws-sign2 60ms (cache revalidated)
npm http fetch GET 200 https://registry.npmjs.org/form-data 52ms (cache revalidated)
npm http fetch GET 200 https://registry.npmjs.org/mime-types 47ms (cache revalidated)
npm http fetch GET 200 https://registry.npmjs.org/oauth-sign 54ms (cache revalidated)
npm http fetch GET 200 https://registry.npmjs.org/safe-buffer 56ms (cache revalidated)
npm http fetch GET 200 https://registry.npmjs.org/tunnel-agent 49ms (cache revalidated)
npm http fetch GET 200 https://registry.npmjs.org/tough-cookie 60ms (cache revalidated)
npm http fetch GET 200 https://registry.npmjs.org/forever-agent 53ms (cache revalidated)
npm http fetch GET 200 https://registry.npmjs.org/har-validator 54ms (cache revalidated)
npm http fetch GET 200 https://registry.npmjs.org/is-typedarray 51ms (cache revalidated)
npm http fetch GET 200 https://registry.npmjs.org/http-signature 47ms (cache revalidated)
npm http fetch GET 200 https://registry.npmjs.org/combined-stream 54ms (cache revalidated)
npm http fetch GET 200 https://registry.npmjs.org/performance-now 54ms (cache revalidated)
npm http fetch GET 200 https://registry.npmjs.org/json-stringify-safe 54ms (cache revalidated)
npm http fetch GET 200 https://registry.npmjs.org/ajv 56ms (cache revalidated)
npm http fetch GET 200 https://registry.npmjs.org/slice-ansi 66ms (cache revalidated)
npm http fetch GET 200 https://registry.npmjs.org/boxen 67ms (cache revalidated)
npm http fetch GET 200 https://registry.npmjs.org/is-npm 74ms (cache revalidated)
npm http fetch GET 200 https://registry.npmjs.org/semver-diff 53ms (cache revalidated)
npm http fetch GET 200 https://registry.npmjs.org/xdg-basedir 67ms (cache revalidated)
npm http fetch GET 200 https://registry.npmjs.org/latest-version 43ms (cache revalidated)
npm http fetch GET 200 https://registry.npmjs.org/import-lazy 134ms (cache revalidated)
npm http fetch GET 200 https://registry.npmjs.org/colors 67ms (cache revalidated)
npm http fetch GET 200 https://registry.npmjs.org/stack-trace 63ms (cache revalidated)
npm http fetch GET 200 https://registry.npmjs.org/serialize-javascript 1081ms (cache revalidated)
npm http fetch GET 200 https://registry.npmjs.org/cycle 254ms (cache revalidated)
npm http fetch GET 200 https://registry.npmjs.org/y18n 218ms (cache revalidated)
npm http fetch GET 200 https://registry.npmjs.org/cliui 216ms (cache revalidated)
npm http fetch GET 200 https://registry.npmjs.org/decamelize 132ms (cache revalidated)
npm http fetch GET 200 https://registry.npmjs.org/pupa 604ms (cache revalidated)
npm http fetch GET 200 https://registry.npmjs.org/set-blocking 61ms (cache revalidated)
npm http fetch GET 200 https://registry.npmjs.org/get-caller-file 49ms (cache revalidated)
npm http fetch GET 200 https://registry.npmjs.org/which-module 72ms (cache revalidated)
npm http fetch GET 200 https://registry.npmjs.org/require-directory 45ms (cache revalidated)
npm http fetch GET 200 https://registry.npmjs.org/require-main-filename 53ms (cache revalidated)
npm http fetch GET 200 https://registry.npmjs.org/eyes 601ms (cache revalidated)
npm http fetch GET 200 https://registry.npmjs.org/is-in-ci 762ms (cache revalidated)
npm http fetch GET 200 https://registry.npmjs.org/configstore 1051ms (cache revalidated)
npm http fetch GET 200 https://registry.npmjs.org/lodash.defaults 84ms (cache revalidated)
npm http fetch GET 200 https://registry.npmjs.org/normalize-path 88ms (cache revalidated)
npm http fetch GET 200 https://registry.npmjs.org/lodash.difference 95ms (cache revalidated)
npm http fetch GET 200 https://registry.npmjs.org/lodash.isplainobject 106ms (cache revalidated)
npm http fetch GET 200 https://registry.npmjs.org/lazystream 119ms (cache revalidated)
npm http fetch GET 200 https://registry.npmjs.org/lodash.flatten 133ms (cache revalidated)
npm http fetch GET 200 https://registry.npmjs.org/lodash.union 153ms (cache revalidated)
npm http fetch GET 200 https://registry.npmjs.org/end-of-stream 82ms (cache revalidated)
npm http fetch GET 200 https://registry.npmjs.org/bl 96ms (cache revalidated)
npm http fetch GET 200 https://registry.npmjs.org/util-deprecate 111ms (cache revalidated)
npm http fetch GET 200 https://registry.npmjs.org/string_decoder 118ms (cache revalidated)
npm http fetch GET 200 https://registry.npmjs.org/compress-commons 76ms (cache revalidated)
npm http fetch GET 200 https://registry.npmjs.org/fs-constants 95ms (cache revalidated)
npm http fetch GET 200 https://registry.npmjs.org/core-util-is 57ms (cache revalidated)
npm http fetch GET 200 https://registry.npmjs.org/process-nextick-args 58ms (cache revalidated)
npm http fetch GET 200 https://registry.npmjs.org/isarray 79ms (cache revalidated)
npm http fetch GET 200 https://registry.npmjs.org/rimraf 65ms (cache revalidated)
npm http fetch GET 200 https://registry.npmjs.org/event-stream 104ms (cache revalidated)
npm http fetch GET 200 https://registry.npmjs.org/has-flag 45ms (cache revalidated)
npm http fetch GET 200 https://registry.npmjs.org/color-convert 51ms (cache revalidated)
npm http fetch GET 200 https://registry.npmjs.org/color-name 49ms (cache revalidated)
npm http fetch GET 200 https://registry.npmjs.org/strip-ansi 47ms (cache revalidated)
npm http fetch GET 200 https://registry.npmjs.org/is-fullwidth-code-point 50ms (cache revalidated)
npm http fetch GET 200 https://registry.npmjs.org/emoji-regex 107ms (cache revalidated)
npm http fetch GET 200 https://registry.npmjs.org/ieee754 83ms (cache revalidated)
npm http fetch GET 200 https://registry.npmjs.org/lodash.once 105ms (cache revalidated)
npm http fetch GET 200 https://registry.npmjs.org/restore-cursor 116ms (cache revalidated)
npm http fetch GET 200 https://registry.npmjs.org/base64-js 123ms (cache revalidated)
npm http fetch GET 200 https://registry.npmjs.org/onetime 125ms (cache revalidated)
npm http fetch GET 200 https://registry.npmjs.org/is-stream 132ms (cache revalidated)
npm http fetch GET 200 https://registry.npmjs.org/@colors%2fcolors 146ms (cache revalidated)
npm http fetch GET 200 https://registry.npmjs.org/get-stream 82ms (cache revalidated)
npm http fetch GET 200 https://registry.npmjs.org/cross-spawn 78ms (cache revalidated)
npm http fetch GET 200 https://registry.npmjs.org/npm-run-path 61ms (cache revalidated)
npm http fetch GET 200 https://registry.npmjs.org/strip-final-newline 57ms (cache revalidated)
npm http fetch GET 200 https://registry.npmjs.org/merge-stream 83ms (cache revalidated)
npm http fetch GET 200 https://registry.npmjs.org/signal-exit 95ms (cache revalidated)
npm http fetch GET 200 https://registry.npmjs.org/human-signals 83ms (cache revalidated)
npm http fetch GET 200 https://registry.npmjs.org/@types%2fyauzl 61ms (cache revalidated)
npm http fetch GET 200 https://registry.npmjs.org/at-least-node 54ms (cache revalidated)
npm http fetch GET 200 https://registry.npmjs.org/global-dirs 59ms (cache revalidated)
npm http fetch GET 200 https://registry.npmjs.org/ci-info 84ms (cache revalidated)
npm http fetch GET 200 https://registry.npmjs.org/is-path-inside 72ms (cache revalidated)
npm http fetch GET 200 https://registry.npmjs.org/rfdc 68ms (cache revalidated)
npm http fetch GET 200 https://registry.npmjs.org/rxjs 69ms (cache revalidated)
npm http fetch GET 200 https://registry.npmjs.org/through 65ms (cache revalidated)
npm http fetch GET 200 https://registry.npmjs.org/p-map 80ms (cache revalidated)
npm http fetch GET 200 https://registry.npmjs.org/colorette 88ms (cache revalidated)
npm http fetch GET 200 https://registry.npmjs.org/cli-truncate 84ms (cache revalidated)
npm http fetch GET 200 https://registry.npmjs.org/wrap-ansi 90ms (cache revalidated)
npm http fetch GET 200 https://registry.npmjs.org/log-update 91ms (cache revalidated)
npm http fetch GET 200 https://registry.npmjs.org/is-unicode-supported 81ms (cache revalidated)
npm http fetch GET 200 https://registry.npmjs.org/fd-slicer 79ms (cache revalidated)
npm http fetch GET 200 https://registry.npmjs.org/throttleit 95ms (cache revalidated)
npm http fetch GET 200 https://registry.npmjs.org/delayed-stream 62ms (cache revalidated)
npm http fetch GET 200 https://registry.npmjs.org/jsprim 68ms (cache revalidated)
npm http fetch GET 200 https://registry.npmjs.org/assert-plus 73ms (cache revalidated)
npm http fetch GET 200 https://registry.npmjs.org/side-channel 73ms (cache revalidated)
npm http fetch GET 200 https://registry.npmjs.org/sshpk 82ms (cache revalidated)
npm http fetch GET 200 https://registry.npmjs.org/mime-db 90ms (cache revalidated)
npm http fetch GET 200 https://registry.npmjs.org/psl 70ms (cache revalidated)
npm http fetch GET 200 https://registry.npmjs.org/punycode 75ms (cache revalidated)
npm http fetch GET 200 https://registry.npmjs.org/url-parse 79ms (cache revalidated)
npm http fetch GET 200 https://registry.npmjs.org/asynckit 645ms (cache revalidated)
npm http fetch GET 200 https://registry.npmjs.org/lodash.isstring 77ms (cache revalidated)
npm http fetch GET 200 https://registry.npmjs.org/escape-html 73ms (cache revalidated)
npm http fetch GET 200 https://registry.npmjs.org/lodash.isfunction 95ms (cache revalidated)
npm http fetch GET 200 https://registry.npmjs.org/dateformat 94ms (cache revalidated)
npm http fetch GET 200 https://registry.npmjs.org/lodash.isobject 109ms (cache revalidated)
npm http fetch GET 200 https://registry.npmjs.org/prop-types 68ms (cache revalidated)
npm http fetch GET 200 https://registry.npmjs.org/tcomb-validation 76ms (cache revalidated)
npm http fetch GET 200 https://registry.npmjs.org/fsu 184ms (cache revalidated)
npm http fetch GET 200 https://registry.npmjs.org/lodash.isempty 689ms (cache revalidated)
npm http fetch GET 200 https://registry.npmjs.org/validator 623ms (cache revalidated)
npm http fetch GET 200 https://registry.npmjs.org/opener 668ms (cache revalidated)
npm http fetch GET 200 https://registry.npmjs.org/tcomb 688ms (cache revalidated)
npm http fetch GET 200 https://registry.npmjs.org/unbzip2-stream 78ms (cache revalidated)
npm http fetch GET 200 https://registry.npmjs.org/file-type 88ms (cache revalidated)
npm http fetch GET 200 https://registry.npmjs.org/file-type 93ms (cache revalidated)
npm http fetch GET 200 https://registry.npmjs.org/file-type 94ms (cache revalidated)
npm http fetch GET 200 https://registry.npmjs.org/is-natural-number 104ms (cache revalidated)
npm http fetch GET 200 https://registry.npmjs.org/seek-bzip 115ms (cache revalidated)
npm http fetch GET 200 https://registry.npmjs.org/buffer-alloc 73ms (cache revalidated)
npm http fetch GET 200 https://registry.npmjs.org/xtend 74ms (cache revalidated)
npm http fetch GET 200 https://registry.npmjs.org/to-buffer 628ms (cache revalidated)
npm http fetch GET 200 https://registry.npmjs.org/object-assign 138ms (cache revalidated)
npm http fetch GET 200 https://registry.npmjs.org/pinkie-promise 188ms (cache revalidated)
npm http fetch GET 200 https://registry.npmjs.org/ansi-regex 49ms (cache revalidated)
npm http fetch GET 200 https://registry.npmjs.org/which 135ms (cache revalidated)
npm http fetch GET 200 https://registry.npmjs.org/shebang-command 149ms (cache revalidated)
npm http fetch GET 200 https://registry.npmjs.org/path-key 151ms (cache revalidated)
npm http fetch GET 200 https://registry.npmjs.org/path-key 149ms (cache revalidated)
npm http fetch GET 200 https://registry.npmjs.org/pump 153ms (cache revalidated)
npm http fetch GET 200 https://registry.npmjs.org/mimic-fn 155ms (cache revalidated)
npm http fetch GET 200 https://registry.npmjs.org/shebang-regex 56ms (cache revalidated)
npm http fetch GET 200 https://registry.npmjs.org/isexe 56ms (cache revalidated)
npm http fetch GET 200 https://registry.npmjs.org/undici-types 48ms (cache revalidated)
npm http fetch GET 200 https://registry.npmjs.org/pinkie 614ms (cache revalidated)
npm http fetch GET 200 https://registry.npmjs.org/wrappy 49ms (cache revalidated)
npm http fetch GET 200 https://registry.npmjs.org/brace-expansion 51ms (cache revalidated)
npm http fetch GET 200 https://registry.npmjs.org/dashdash 83ms (cache revalidated)
npm http fetch GET 200 https://registry.npmjs.org/asn1 91ms (cache revalidated)
npm http fetch GET 200 https://registry.npmjs.org/verror 96ms (cache revalidated)
npm http fetch GET 200 https://registry.npmjs.org/json-schema 99ms (cache revalidated)
npm http fetch GET 200 https://registry.npmjs.org/safer-buffer 98ms (cache revalidated)
npm http fetch GET 200 https://registry.npmjs.org/extsprintf 103ms (cache revalidated)
npm http fetch GET 200 https://registry.npmjs.org/getpass 102ms (cache revalidated)
npm http fetch GET 200 https://registry.npmjs.org/tweetnacl 54ms (cache revalidated)
npm http fetch GET 200 https://registry.npmjs.org/ecc-jsbn 55ms (cache revalidated)
npm http fetch GET 200 https://registry.npmjs.org/jsbn 76ms (cache revalidated)
npm http fetch GET 200 https://registry.npmjs.org/bcrypt-pbkdf 68ms (cache revalidated)
npm http fetch GET 200 https://registry.npmjs.org/aggregate-error 135ms (cache revalidated)
npm http fetch GET 200 https://registry.npmjs.org/tslib 136ms (cache revalidated)
npm http fetch GET 200 https://registry.npmjs.org/ansi-escapes 696ms (cache revalidated)
npm http fetch GET 200 https://registry.npmjs.org/astral-regex 67ms (cache revalidated)
npm http fetch GET 200 https://registry.npmjs.org/type-fest 59ms (cache revalidated)
npm http fetch GET 200 https://registry.npmjs.org/concat-map 44ms (cache revalidated)
npm http fetch GET 200 https://registry.npmjs.org/balanced-match 540ms (cache revalidated)
npm http fetch GET 200 https://registry.npmjs.org/braces 64ms (cache revalidated)
npm http fetch GET 200 https://registry.npmjs.org/is-binary-path 67ms (cache revalidated)
npm http fetch GET 200 https://registry.npmjs.org/fsevents 71ms (cache revalidated)
npm http fetch GET 200 https://registry.npmjs.org/glob-parent 89ms (cache revalidated)
npm http fetch GET 200 https://registry.npmjs.org/readdirp 96ms (cache revalidated)
npm http fetch GET 200 https://registry.npmjs.org/is-glob 106ms (cache revalidated)
npm http fetch GET 200 https://registry.npmjs.org/locate-path 56ms (cache revalidated)
npm http fetch GET 200 https://registry.npmjs.org/path-exists 60ms (cache revalidated)
npm http fetch GET 200 https://registry.npmjs.org/argparse 54ms (cache revalidated)
npm http fetch GET 200 https://registry.npmjs.org/randombytes 64ms (cache revalidated)
npm http fetch GET 200 https://registry.npmjs.org/anymatch 162ms (cache revalidated)
npm http fetch GET 200 https://registry.npmjs.org/escalade 61ms (cache revalidated)
npm http fetch GET 200 https://registry.npmjs.org/is-plain-obj 52ms (cache revalidated)
npm http fetch GET 200 https://registry.npmjs.org/camelcase 81ms (cache revalidated)
npm http fetch GET 200 https://registry.npmjs.org/flat 613ms (cache revalidated)
npm http fetch GET 200 https://registry.npmjs.org/fill-range 63ms (cache revalidated)
npm http fetch GET 200 https://registry.npmjs.org/is-extglob 66ms (cache revalidated)
npm http fetch GET 200 https://registry.npmjs.org/picomatch 70ms (cache revalidated)
npm http fetch GET 200 https://registry.npmjs.org/picomatch 70ms (cache revalidated)
npm http fetch GET 200 https://registry.npmjs.org/binary-extensions 80ms (cache revalidated)
npm http fetch GET 200 https://registry.npmjs.org/to-regex-range 43ms (cache revalidated)
npm http fetch GET 200 https://registry.npmjs.org/is-number 59ms (cache revalidated)
npm http fetch GET 200 https://registry.npmjs.org/p-locate 61ms (cache revalidated)
npm http fetch GET 200 https://registry.npmjs.org/p-limit 50ms (cache revalidated)
npm http fetch GET 200 https://registry.npmjs.org/loose-envify 63ms (cache revalidated)
npm http fetch GET 200 https://registry.npmjs.org/react-is 71ms (cache revalidated)
npm http fetch GET 200 https://registry.npmjs.org/easy-stack 50ms (cache revalidated)
npm http fetch GET 200 https://registry.npmjs.org/yocto-queue 52ms (cache revalidated)
npm http fetch GET 200 https://registry.npmjs.org/clean-stack 50ms (cache revalidated)
npm http fetch GET 200 https://registry.npmjs.org/indent-string 67ms (cache revalidated)
npm http fetch GET 200 https://registry.npmjs.org/js-tokens 44ms (cache revalidated)
npm http fetch GET 200 https://registry.npmjs.org/from 59ms (cache revalidated)
npm http fetch GET 200 https://registry.npmjs.org/duplexer 64ms (cache revalidated)
npm http fetch GET 200 https://registry.npmjs.org/stream-combiner 76ms (cache revalidated)
npm http fetch GET 200 https://registry.npmjs.org/pause-stream 82ms (cache revalidated)
npm http fetch GET 200 https://registry.npmjs.org/map-stream 150ms (cache revalidated)
npm http fetch GET 200 https://registry.npmjs.org/split 659ms (cache revalidated)
npm http fetch GET 200 https://registry.npmjs.org/es-errors 53ms (cache revalidated)
npm http fetch GET 200 https://registry.npmjs.org/get-intrinsic 53ms (cache revalidated)
npm http fetch GET 200 https://registry.npmjs.org/object-inspect 56ms (cache revalidated)
npm http fetch GET 200 https://registry.npmjs.org/call-bind 61ms (cache revalidated)
npm http fetch GET 200 https://registry.npmjs.org/har-schema 56ms (cache revalidated)
npm http fetch GET 200 https://registry.npmjs.org/json-schema-traverse 50ms (cache revalidated)
npm http fetch GET 200 https://registry.npmjs.org/fast-deep-equal 51ms (cache revalidated)
npm http fetch GET 200 https://registry.npmjs.org/fast-json-stable-stringify 249ms (cache revalidated)
npm http fetch GET 200 https://registry.npmjs.org/uri-js 619ms (cache revalidated)
npm http fetch GET 200 https://registry.npmjs.org/has-symbols 51ms (cache revalidated)
npm http fetch GET 200 https://registry.npmjs.org/set-function-length 59ms (cache revalidated)
npm http fetch GET 200 https://registry.npmjs.org/function-bind 62ms (cache revalidated)
npm http fetch GET 200 https://registry.npmjs.org/es-define-property 88ms (cache revalidated)
npm http fetch GET 200 https://registry.npmjs.org/hasown 85ms (cache revalidated)
npm http fetch GET 200 https://registry.npmjs.org/has-proto 88ms (cache revalidated)
npm http fetch GET 200 https://registry.npmjs.org/gopd 46ms (cache revalidated)
npm http fetch GET 200 https://registry.npmjs.org/has-property-descriptors 48ms (cache revalidated)
npm http fetch GET 200 https://registry.npmjs.org/define-data-property 73ms (cache revalidated)
npm http fetch GET 200 https://registry.npmjs.org/requires-port 121ms (cache revalidated)
npm http fetch GET 200 https://registry.npmjs.org/querystringify 125ms (cache revalidated)
npm http fetch GET 200 https://registry.npmjs.org/ansi-align 62ms (cache revalidated)
npm http fetch GET 200 https://registry.npmjs.org/dot-prop 61ms (cache revalidated)
npm http fetch GET 200 https://registry.npmjs.org/write-file-atomic 70ms (cache revalidated)
npm http fetch GET 200 https://registry.npmjs.org/widest-line 79ms (cache revalidated)
npm http fetch GET 200 https://registry.npmjs.org/unique-string 88ms (cache revalidated)
npm http fetch GET 200 https://registry.npmjs.org/escape-goat 65ms (cache revalidated)
npm http fetch GET 200 https://registry.npmjs.org/cli-boxes 640ms (cache revalidated)
npm http fetch GET 200 https://registry.npmjs.org/package-json 638ms (cache revalidated)
npm http fetch GET 200 https://registry.npmjs.org/eastasianwidth 47ms (cache revalidated)
npm http fetch GET 200 https://registry.npmjs.org/is-obj 57ms (cache revalidated)
npm http fetch GET 200 https://registry.npmjs.org/typedarray-to-buffer 59ms (cache revalidated)
npm http fetch GET 200 https://registry.npmjs.org/crypto-random-string 61ms (cache revalidated)
npm http fetch GET 200 https://registry.npmjs.org/imurmurhash 65ms (cache revalidated)
npm http fetch GET 200 https://registry.npmjs.org/got 75ms (cache revalidated)
npm http fetch GET 200 https://registry.npmjs.org/registry-url 93ms (cache revalidated)
npm http fetch GET 200 https://registry.npmjs.org/registry-auth-token 615ms (cache revalidated)
npm http fetch GET 200 https://registry.npmjs.org/p-cancelable 67ms (cache revalidated)
npm http fetch GET 200 https://registry.npmjs.org/responselike 77ms (cache revalidated)
npm http fetch GET 200 https://registry.npmjs.org/cacheable-request 74ms (cache revalidated)
npm http fetch GET 200 https://registry.npmjs.org/lowercase-keys 86ms (cache revalidated)
npm http fetch GET 200 https://registry.npmjs.org/http2-wrapper 90ms (cache revalidated)
npm http fetch GET 200 https://registry.npmjs.org/form-data-encoder 56ms (cache revalidated)
npm http fetch GET 200 https://registry.npmjs.org/rc 66ms (cache revalidated)
npm http fetch GET 200 https://registry.npmjs.org/decompress-response 87ms (cache revalidated)
npm http fetch GET 200 https://registry.npmjs.org/@szmarczak%2fhttp-timer 107ms (cache revalidated)
npm http fetch GET 200 https://registry.npmjs.org/@pnpm%2fnpm-conf 375ms (cache revalidated)
npm http fetch GET 200 https://registry.npmjs.org/cacheable-lookup 634ms (cache revalidated)
npm http fetch GET 200 https://registry.npmjs.org/@sindresorhus%2fis 674ms (cache revalidated)
npm http fetch GET 200 https://registry.npmjs.org/mimic-response 485ms (cache revalidated)
npm http fetch GET 200 https://registry.npmjs.org/mimic-response 487ms (cache revalidated)
npm http fetch GET 200 https://registry.npmjs.org/http-cache-semantics 497ms (cache revalidated)
npm http fetch GET 200 https://registry.npmjs.org/normalize-url 498ms (cache revalidated)
npm http fetch GET 200 https://registry.npmjs.org/keyv 503ms (cache revalidated)
npm http fetch GET 200 https://registry.npmjs.org/quick-lru 67ms (cache revalidated)
npm http fetch GET 200 https://registry.npmjs.org/resolve-alpn 65ms (cache revalidated)
npm http fetch GET 200 https://registry.npmjs.org/defer-to-connect 561ms (cache revalidated)
npm http fetch GET 200 https://registry.npmjs.org/@types%2fhttp-cache-semantics 1638ms (cache revalidated)
npm http fetch GET 200 https://registry.npmjs.org/json-buffer 75ms (cache revalidated)
npm http fetch GET 200 https://registry.npmjs.org/config-chain 46ms (cache revalidated)
npm http fetch GET 200 https://registry.npmjs.org/@pnpm%2fconfig.env-replace 801ms (cache revalidated)
npm http fetch GET 200 https://registry.npmjs.org/@pnpm%2fnetwork.ca-file 1686ms (cache revalidated)
npm http fetch GET 200 https://registry.npmjs.org/proto-list 48ms (cache revalidated)
npm http fetch GET 200 https://registry.npmjs.org/deep-extend 49ms (cache revalidated)
npm http fetch GET 200 https://registry.npmjs.org/pend 42ms (cache revalidated)
npm http fetch GET 200 https://registry.npmjs.org/crc32-stream 623ms (cache revalidated)
npm http fetch GET 200 https://registry.npmjs.org/crc-32 71ms (cache revalidated)
npm http fetch GET 200 https://registry.npmjs.org/buffer-alloc-unsafe 47ms (cache revalidated)
npm http fetch GET 200 https://registry.npmjs.org/buffer-fill 119ms (cache revalidated)
npm http fetch GET 200 https://registry.npmjs.org/p-try 63ms (cache revalidated)
npm verbose reify failed optional dependency C:\Pgtas\pgats_web\tmpBstackPackages\node_modules\fsevents
npm http fetch POST 200 https://registry.npmjs.org/-/npm/v1/security/advisories/bulk 1096ms
npm warn deprecated inflight@1.0.6: This module is not supported, and leaks memory. Do not use it. Check out lru-cache if you want a good and tested way to coalesce async requests by a key value, which is much more comprehensive and powerful.
npm warn deprecated rimraf@2.5.4: Rimraf versions prior to v4 are no longer supported
npm warn deprecated har-validator@5.1.5: this library is no longer supported
npm warn deprecated glob@7.2.3: Glob versions prior to v9 are no longer supported
npm warn deprecated glob@8.1.0: Glob versions prior to v9 are no longer supported
npm warn deprecated uuid@3.4.0: Please upgrade  to version 7 or higher.  Older versions may use Math.random() in certain circumstances, which is known to be problematic.  See https://v8.dev/blog/math-random for details.
npm warn deprecated request@2.88.2: request has been deprecated, see https://github.com/request/request/issues/3142
npm info run cypress@13.13.2 postinstall node_modules/cypress node index.js --exec install
npm info run cypress@13.13.2 postinstall { code: 0, signal: null }

added 501 packages, and audited 502 packages in 1m

96 packages are looking for funding
  run `npm fund` for details

3 moderate severity vulnerabilities

To address all issues (including breaking changes), run:
  npm audit fix --force

Run `npm audit` for details.
npm verbose exit 0
npm info ok
